<?xml version="1.0" encoding="utf-8"?>
<testsuite name="jshint" tests="55" failures="302" errors="0">
	<testcase name="../gruntfile.js">
		<failure message="1 JSHINT Failure">
1. line 4, char 5: &apos;match&apos; is defined but never used.
		</failure>
	</testcase>
	<testcase name="../lib/Adapters/APIQueryAdapter.js">
		<failure message="1 JSHINT Failure">
1. line 3, char 5: &apos;config&apos; is defined but never used.
		</failure>
	</testcase>
	<testcase name="../lib/Adapters/AdapterFactory.js">
		<failure message="2 JSHint Failures">
1. line 16, char 19: Expected &apos;!==&apos; and instead saw &apos;!=&apos;.
2. line 3, char 5: &apos;APIQueryAdapter&apos; is defined but never used.
		</failure>
	</testcase>
	<testcase name="../lib/Adapters/BaseAdapter.js">
		<failure message="2 JSHint Failures">
1. line 15, char 51: Missing semicolon.
2. line 1, char 5: &apos;Q&apos; is defined but never used.
		</failure>
	</testcase>
	<testcase name="../lib/Adapters/EntryCache.js">
		<failure message="3 JSHint Failures">
1. line 64, char 10: Unnecessary semicolon.
2. line 74, char 3: Wrap an immediate function invocation in parens to assist the reader in understanding that the expression is the result of a function, and not the function itself.
3. line 3, char 5: &apos;WowzaAdapter&apos; is defined but never used.
		</failure>
	</testcase>
	<testcase name="../lib/Adapters/RegressionAdapter/RegressionAdapter.js">
		<failure message="41 JSHint Failures">
1. line 18, char 1: &apos;const&apos; is available in ES6 (use esnext option) or Mozilla JS extensions (use moz).
2. line 19, char 1: &apos;const&apos; is available in ES6 (use esnext option) or Mozilla JS extensions (use moz).
3. line 40, char 1: &apos;const&apos; is available in ES6 (use esnext option) or Mozilla JS extensions (use moz).
4. line 41, char 24: Bad escaping of EOL. Use option multistr if needed.
5. line 42, char 99: Bad escaping of EOL. Use option multistr if needed.
6. line 44, char 24: Bad escaping of EOL. Use option multistr if needed.
7. line 45, char 98: Bad escaping of EOL. Use option multistr if needed.
8. line 47, char 24: Bad escaping of EOL. Use option multistr if needed.
9. line 48, char 98: Bad escaping of EOL. Use option multistr if needed.
10. line 50, char 24: Bad escaping of EOL. Use option multistr if needed.
11. line 51, char 98: Bad escaping of EOL. Use option multistr if needed.
12. line 55, char 1: &apos;let&apos; is available in ES6 (use esnext option) or Mozilla JS extensions (use moz).
13. line 55, char 37: &apos;spread/rest operator&apos; is only available in ES6 (use esnext option).
14. line 61, char 1: &apos;const&apos; is available in ES6 (use esnext option) or Mozilla JS extensions (use moz).
15. line 129, char 9: &apos;let&apos; is available in ES6 (use esnext option) or Mozilla JS extensions (use moz).
16. line 139, char 9: &apos;let&apos; is available in ES6 (use esnext option) or Mozilla JS extensions (use moz).
17. line 143, char 9: &apos;let&apos; is available in ES6 (use esnext option) or Mozilla JS extensions (use moz).
18. line 145, char 34: &apos;arrow function syntax (=&gt;)&apos; is only available in ES6 (use esnext option).
19. line 146, char 13: &apos;let&apos; is available in ES6 (use esnext option) or Mozilla JS extensions (use moz).
20. line 162, char 13: &apos;let&apos; is available in ES6 (use esnext option) or Mozilla JS extensions (use moz).
21. line 164, char 13: &apos;let&apos; is available in ES6 (use esnext option) or Mozilla JS extensions (use moz).
22. line 165, char 13: &apos;let&apos; is available in ES6 (use esnext option) or Mozilla JS extensions (use moz).
23. line 167, char 13: &apos;let&apos; is available in ES6 (use esnext option) or Mozilla JS extensions (use moz).
24. line 210, char 2: Missing semicolon.
25. line 230, char 151: Missing semicolon.
26. line 235, char 77: &apos;arrow function syntax (=&gt;)&apos; is only available in ES6 (use esnext option).
27. line 335, char 33: Unexpected &apos;`&apos;.
28. line 335, char 32: Missing semicolon.
29. line 373, char 28: Expected &apos;{&apos; and instead saw &apos;process&apos;.
30. line 436, char 11: Missing semicolon.
31. line 507, char 28: Missing semicolon.
32. line 569, char 21: Expected &apos;{&apos; and instead saw &apos;testHelper&apos;.
33. line 604, char 7: Missing semicolon.
34. line 8, char 5: &apos;url&apos; is defined but never used.
35. line 12, char 5: &apos;m3u8&apos; is defined but never used.
36. line 13, char 5: &apos;m3u&apos; is defined but never used.
37. line 23, char 5: &apos;mediaServer&apos; is defined but never used.
38. line 511, char 5: &apos;httpMock&apos; is defined but never used.
39. line 219, char 9: &apos;index&apos; is defined but never used.
40. line 365, char 37: &apos;m3u8&apos; is defined but never used.
41. line 513, char 9: &apos;that&apos; is defined but never used.
		</failure>
	</testcase>
	<testcase name="../lib/Adapters/RegressionAdapter/hlsStreamRegressionValidator.js">
		<failure message="22 JSHint Failures">
1. line 13, char 1: &apos;const&apos; is available in ES6 (use esnext option) or Mozilla JS extensions (use moz).
2. line 14, char 1: &apos;const&apos; is available in ES6 (use esnext option) or Mozilla JS extensions (use moz).
3. line 15, char 1: &apos;const&apos; is available in ES6 (use esnext option) or Mozilla JS extensions (use moz).
4. line 16, char 1: &apos;const&apos; is available in ES6 (use esnext option) or Mozilla JS extensions (use moz).
5. line 22, char 35: Missing semicolon.
6. line 54, char 10: Expected an assignment or function call and instead saw an expression.
7. line 70, char 2: Missing semicolon.
8. line 83, char 2: Missing semicolon.
9. line 89, char 5: &apos;let&apos; is available in ES6 (use esnext option) or Mozilla JS extensions (use moz).
10. line 116, char 17: &apos;let&apos; is available in ES6 (use esnext option) or Mozilla JS extensions (use moz).
11. line 128, char 84: Expected &apos;!==&apos; and instead saw &apos;!=&apos;.
12. line 141, char 29: &apos;let&apos; is available in ES6 (use esnext option) or Mozilla JS extensions (use moz).
13. line 167, char 13: &apos;let&apos; is available in ES6 (use esnext option) or Mozilla JS extensions (use moz).
14. line 172, char 9: Unreachable &apos;return&apos; after &apos;return&apos;.
15. line 183, char 2: Missing semicolon.
16. line 190, char 23: Confusing use of &apos;!&apos;.
17. line 192, char 92: Missing semicolon.
18. line 210, char 2: Missing semicolon.
19. line 217, char 2: Missing semicolon.
20. line 248, char 2: Missing semicolon.
21. line 6, char 5: &apos;fs&apos; is defined but never used.
22. line 10, char 5: &apos;mkdirp&apos; is defined but never used.
		</failure>
	</testcase>
	<testcase name="../lib/Adapters/RegressionAdapter/validatorUtility.js">
		<failure message="7 JSHint Failures">
1. line 31, char 77: Expected &apos;!==&apos; and instead saw &apos;!=&apos;.
2. line 32, char 127: Expected &apos;!==&apos; and instead saw &apos;!=&apos;.
3. line 32, char 129: Missing semicolon.
4. line 29, char 58: Wrapping non-IIFE function literals in parens is unnecessary.
5. line 79, char 14: Missing semicolon.
6. line 87, char 2: Missing semicolon.
7. line 5, char 5: &apos;fs&apos; is defined but never used.
		</failure>
	</testcase>
	<testcase name="../lib/Adapters/TestAdapter.js">
		<failure message="5 JSHint Failures">
1. line 60, char 2: Missing semicolon.
2. line 88, char 30: Missing semicolon.
3. line 90, char 22: Don&apos;t make functions within a loop.
4. line 101, char 21: Don&apos;t make functions within a loop.
5. line 110, char 2: Missing semicolon.
		</failure>
	</testcase>
	<testcase name="../lib/Adapters/WowzaAdapter.js">
		<failure message="6 JSHint Failures">
1. line 57, char 69: Missing semicolon.
2. line 76, char 25: Expected &apos;!==&apos; and instead saw &apos;!=&apos;.
3. line 80, char 31: Missing semicolon.
4. line 123, char 2: Missing semicolon.
5. line 12, char 5: &apos;url&apos; is defined but never used.
6. line 19, char 5: &apos;port&apos; is defined but never used.
		</failure>
	</testcase>
	<testcase name="../lib/App.js">
		<failure message="3 JSHint Failures">
1. line 22, char 35: Missing semicolon.
2. line 32, char 36: &apos;includePrefixInLogFileName&apos; was used before it was defined.
3. line 33, char 58: Missing semicolon.
		</failure>
	</testcase>
	<testcase name="../lib/BackendClient.js">
		<failure message="1 JSHINT Failure">
1. line 43, char 13: Expected &apos;{&apos; and instead saw &apos;logger&apos;.
		</failure>
	</testcase>
	<testcase name="../lib/Controller.js">
		<failure message="7 JSHint Failures">
1. line 35, char 51: &apos;arrow function syntax (=&gt;)&apos; is only available in ES6 (use esnext option).
2. line 113, char 17: Expected &apos;{&apos; and instead saw &apos;entry&apos;.
3. line 261, char 10: Missing semicolon.
4. line 15, char 5: &apos;qio&apos; is defined but never used.
5. line 16, char 5: &apos;path&apos; is defined but never used.
6. line 17, char 5: &apos;util&apos; is defined but never used.
7. line 194, char 37: &apos;err&apos; is defined but never used.
		</failure>
	</testcase>
	<testcase name="../lib/MP4WriteStream.js">
		<failure message="2 JSHint Failures">
1. line 142, char 14: &apos;onFinish&apos; was used before it was defined.
2. line 12, char 5: &apos;qio&apos; is defined but never used.
		</failure>
	</testcase>
	<testcase name="../lib/MonitorServer.js">
		<failure message="3 JSHint Failures">
1. line 5, char 1: &apos;class&apos; is available in ES6 (use esnext option) or Mozilla JS extensions (use moz).
2. line 40, char 11: Missing semicolon.
3. line 50, char 30: Missing semicolon.
		</failure>
	</testcase>
	<testcase name="../lib/NetworkClient.js">
		<failure message="1 JSHINT Failure">
1. line 25, char 112: Missing semicolon.
		</failure>
	</testcase>
	<testcase name="../lib/SessionManager.js">
		<failure message="1 JSHINT Failure">
1. line 9, char 5: &apos;_&apos; is defined but never used.
		</failure>
	</testcase>
	<testcase name="../lib/entry/FlavorDownloader.js">
		<failure message="2 JSHint Failures">
1. line 146, char 103: Missing semicolon.
2. line 293, char 31: Expected &apos;===&apos; and instead saw &apos;==&apos;.
		</failure>
	</testcase>
	<testcase name="../lib/entry/LiveEntry.js">
		<failure message="1 JSHINT Failure">
1. line 70, char 17: &apos;playlistName&apos; is defined but never used.
		</failure>
	</testcase>
	<testcase name="../lib/entry/StateManager.js">
		<failure message="6 JSHint Failures">
1. line 47, char 25: &apos;onbroadcast&apos; was used before it was defined.
2. line 58, char 20: &apos;onstop&apos; was used before it was defined.
3. line 72, char 23: &apos;onsuspend&apos; was used before it was defined.
4. line 82, char 20: &apos;onplay&apos; was used before it was defined.
5. line 84, char 109: Missing semicolon.
6. line 109, char 22: &apos;onupdate&apos; was used before it was defined.
		</failure>
	</testcase>
	<testcase name="../lib/m3u8/m3u.js">
		<failure message="10 JSHint Failures">
1. line 19, char 14: Missing &apos;()&apos; invoking a constructor.
2. line 28, char 15: Expected &apos;{&apos; and instead saw &apos;key&apos;.
3. line 91, char 26: Expected &apos;===&apos; and instead saw &apos;==&apos;.
4. line 129, char 17: Missing &apos;()&apos; invoking a constructor.
5. line 139, char 22: &apos;itemToString&apos; was used before it was defined.
6. line 143, char 23: &apos;serializeItem&apos; was used before it was defined.
7. line 147, char 12: &apos;coerce&apos; was used before it was defined.
8. line 159, char 15: &apos;dataTypes&apos; was used before it was defined.
9. line 166, char 17: &apos;propertyMap&apos; was used before it was defined.
10. line 148, char 35: &apos;value&apos; is defined but never used.
		</failure>
	</testcase>
	<testcase name="../lib/m3u8/m3u/AttributeList.js">
		<failure message="7 JSHint Failures">
1. line 63, char 18: Missing &apos;()&apos; invoking a constructor.
2. line 68, char 12: &apos;coerce&apos; was used before it was defined.
3. line 94, char 11: &apos;parse&apos; was used before it was defined.
4. line 96, char 27: Expected &apos;===&apos; and instead saw &apos;==&apos;.
5. line 97, char 7: Bad line breaking before &apos;?&apos;.
6. line 98, char 18: Expected &apos;===&apos; and instead saw &apos;==&apos;.
7. line 114, char 41: Expected &apos;===&apos; and instead saw &apos;==&apos;.
		</failure>
	</testcase>
	<testcase name="../lib/m3u8/m3u/IframeStreamItem.js">
		<failure message="1 JSHINT Failure">
1. line 4, char 67: &apos;attributes&apos; is defined but never used.
		</failure>
	</testcase>
	<testcase name="../lib/m3u8/m3u/Item.js">
		<failure message="2 JSHint Failures">
1. line 37, char 4: Missing semicolon.
2. line 41, char 18: Missing &apos;()&apos; invoking a constructor.
		</failure>
	</testcase>
	<testcase name="../lib/m3u8/m3u/MediaItem.js">
		<failure message="1 JSHINT Failure">
1. line 4, char 53: &apos;attributes&apos; is defined but never used.
		</failure>
	</testcase>
	<testcase name="../lib/m3u8/m3u/StreamItem.js">
		<failure message="2 JSHint Failures">
1. line 3, char 5: &apos;AttributeList&apos; is defined but never used.
2. line 5, char 55: &apos;attributes&apos; is defined but never used.
		</failure>
	</testcase>
	<testcase name="../lib/m3u8/parser.js">
		<failure message="12 JSHint Failures">
1. line 16, char 18: Missing &apos;()&apos; invoking a constructor.
2. line 30, char 14: Missing &apos;()&apos; invoking a constructor.
3. line 35, char 24: Expected &apos;===&apos; and instead saw &apos;==&apos;.
4. line 36, char 16: Expected &apos;!==&apos; and instead saw &apos;!=&apos;.
5. line 44, char 50: Expected &apos;{&apos; and instead saw &apos;return&apos;.
6. line 45, char 27: Expected &apos;===&apos; and instead saw &apos;==&apos;.
7. line 48, char 43: Expected &apos;!==&apos; and instead saw &apos;!=&apos;.
8. line 49, char 24: Missing &apos;()&apos; invoking a constructor.
9. line 61, char 26: Expected &apos;===&apos; and instead saw &apos;==&apos;.
10. line 75, char 20: Missing &apos;()&apos; invoking a constructor.
11. line 89, char 2: Missing semicolon.
12. line 111, char 7: &apos;self&apos; is defined but never used.
		</failure>
	</testcase>
	<testcase name="../lib/m3u8/test/acceptance/parse-iframe.js">
		<failure message="2 JSHint Failures">
1. line 24, char 40: Expected an assignment or function call and instead saw an expression.
2. line 46, char 19: &apos;getParser&apos; was used before it was defined.
		</failure>
	</testcase>
	<testcase name="../lib/m3u8/test/acceptance/parse-playlist.js">
		<failure message="1 JSHINT Failure">
1. line 47, char 19: &apos;getParser&apos; was used before it was defined.
		</failure>
	</testcase>
	<testcase name="../lib/m3u8/test/acceptance/parse-variant.js">
		<failure message="3 JSHint Failures">
1. line 66, char 42: Expected an assignment or function call and instead saw an expression.
2. line 67, char 39: Expected an assignment or function call and instead saw an expression.
3. line 77, char 19: &apos;getParser&apos; was used before it was defined.
		</failure>
	</testcase>
	<testcase name="../lib/m3u8/test/attributelist.test.js">
		<failure message="4 JSHint Failures">
1. line 11, char 36: Expected an assignment or function call and instead saw an expression.
2. line 59, char 29: &apos;createAttributeList&apos; was used before it was defined.
3. line 60, char 18: Missing &apos;()&apos; invoking a constructor.
4. line 2, char 5: &apos;should&apos; is defined but never used.
		</failure>
	</testcase>
	<testcase name="../lib/m3u8/test/item.test.js">
		<failure message="12 JSHint Failures">
1. line 9, char 22: Missing &apos;()&apos; invoking a constructor.
2. line 15, char 22: Missing &apos;()&apos; invoking a constructor.
3. line 18, char 51: Expected an assignment or function call and instead saw an expression.
4. line 24, char 22: Missing &apos;()&apos; invoking a constructor.
5. line 30, char 22: Missing &apos;()&apos; invoking a constructor.
6. line 33, char 40: Expected an assignment or function call and instead saw an expression.
7. line 39, char 22: Missing &apos;()&apos; invoking a constructor.
8. line 42, char 40: Expected an assignment or function call and instead saw an expression.
9. line 49, char 22: Missing &apos;()&apos; invoking a constructor.
10. line 62, char 22: Missing &apos;()&apos; invoking a constructor.
11. line 3, char 5: &apos;sinon&apos; is defined but never used.
12. line 4, char 5: &apos;should&apos; is defined but never used.
		</failure>
	</testcase>
	<testcase name="../lib/m3u8/test/m3u.test.js">
		<failure message="8 JSHint Failures">
1. line 12, char 44: Expected an assignment or function call and instead saw an expression.
2. line 30, char 27: Missing &apos;()&apos; invoking a constructor.
3. line 112, char 60: Expected an assignment or function call and instead saw an expression.
4. line 187, char 16: &apos;getM3u&apos; was used before it was defined.
5. line 193, char 23: &apos;getVariantM3U&apos; was used before it was defined.
6. line 3, char 5: &apos;sinon&apos; is defined but never used.
7. line 4, char 5: &apos;should&apos; is defined but never used.
8. line 131, char 35: &apos;done&apos; is defined but never used.
		</failure>
	</testcase>
	<testcase name="../lib/m3u8/test/parser.test.js">
		<failure message="3 JSHint Failures">
1. line 45, char 31: Missing &apos;()&apos; invoking a constructor.
2. line 129, char 19: &apos;getParser&apos; was used before it was defined.
3. line 3, char 5: &apos;should&apos; is defined but never used.
		</failure>
	</testcase>
	<testcase name="../lib/mocks/BackendClientMock.js">
		<failure message="3 JSHint Failures">
1. line 28, char 31: Expected &apos;===&apos; and instead saw &apos;==&apos;.
2. line 62, char 26: Expected &apos;===&apos; and instead saw &apos;==&apos;.
3. line 87, char 60: &apos;event&apos; is defined but never used.
		</failure>
	</testcase>
	<testcase name="../lib/mocks/PackagerSimulator.js">
		<failure message="12 JSHint Failures">
1. line 57, char 13: Expected &apos;{&apos; and instead saw &apos;break&apos;.
2. line 92, char 27: &apos;beforePlaylistChanged&apos; was used before it was defined.
3. line 122, char 21: Expected &apos;{&apos; and instead saw &apos;break&apos;.
4. line 145, char 26: &apos;afterPlaylistChanged&apos; was used before it was defined.
5. line 173, char 33: Expected &apos;!==&apos; and instead saw &apos;!=&apos;.
6. line 174, char 13: Bad line breaking before &apos;||&apos;.
7. line 174, char 30: Expected &apos;!==&apos; and instead saw &apos;!=&apos;.
8. line 175, char 13: Bad line breaking before &apos;||&apos;.
9. line 175, char 33: Expected &apos;!==&apos; and instead saw &apos;!=&apos;.
10. line 176, char 13: Bad line breaking before &apos;||&apos;.
11. line 176, char 31: Expected &apos;!==&apos; and instead saw &apos;!=&apos;.
12. line 224, char 53: Expected &apos;!==&apos; and instead saw &apos;!=&apos;.
		</failure>
	</testcase>
	<testcase name="../lib/playlistGenerator/BroadcastEventEmitter.js">
		<failure message="2 JSHint Failures">
1. line 14, char 35: Missing semicolon.
2. line 2, char 5: &apos;playlistUtils&apos; is defined but never used.
		</failure>
	</testcase>
	<testcase name="../lib/playlistGenerator/ConcatSource.js">
		<failure message="3 JSHint Failures">
1. line 90, char 25: &apos;createTimestampList&apos; was used before it was defined.
2. line 129, char 16: &apos;removeItem&apos; was used before it was defined.
3. line 387, char 2: Missing semicolon.
		</failure>
	</testcase>
	<testcase name="../lib/playlistGenerator/GapPatcher.js">
		<failure message="4 JSHint Failures">
1. line 90, char 98: Missing semicolon.
2. line 91, char 14: Don&apos;t make functions within a loop.
3. line 96, char 14: Don&apos;t make functions within a loop.
4. line 116, char 33: Missing semicolon.
		</failure>
	</testcase>
	<testcase name="../lib/playlistGenerator/MixFilterClip.js">
		<failure message="6 JSHint Failures">
1. line 164, char 36: Expected &apos;===&apos; and instead saw &apos;==&apos;.
2. line 210, char 17: Unreachable &apos;break&apos; after &apos;throw&apos;.
3. line 263, char 9: Expected &apos;{&apos; and instead saw &apos;return&apos;.
4. line 265, char 46: Missing semicolon.
5. line 323, char 18: Don&apos;t make functions within a loop.
6. line 377, char 13: Expected a &apos;break&apos; statement before &apos;default&apos;.
		</failure>
	</testcase>
	<testcase name="../lib/playlistGenerator/ObsoleteClipManager.js">
		<failure message="6 JSHint Failures">
1. line 36, char 19: Expected &apos;===&apos; and instead saw &apos;==&apos;.
2. line 88, char 32: Expected &apos;!==&apos; and instead saw &apos;!=&apos;.
3. line 8, char 5: &apos;PlaylistItem&apos; is defined but never used.
4. line 9, char 5: &apos;Path&apos; is defined but never used.
5. line 10, char 5: &apos;fs&apos; is defined but never used.
6. line 14, char 5: &apos;playlistConfig&apos; is defined but never used.
		</failure>
	</testcase>
	<testcase name="../lib/playlistGenerator/Playlist.js">
		<failure message="15 JSHint Failures">
1. line 91, char 31: Expected &apos;===&apos; and instead saw &apos;==&apos;.
2. line 95, char 52: Missing semicolon.
3. line 323, char 14: Don&apos;t make functions within a loop.
4. line 337, char 49: Expected &apos;!==&apos; and instead saw &apos;!=&apos;.
5. line 428, char 9: It&apos;s not necessary to initialize &apos;playlist&apos; to &apos;undefined&apos;.
6. line 596, char 22: Expected &apos;===&apos; and instead saw &apos;==&apos;.
7. line 640, char 14: Don&apos;t make functions within a loop.
8. line 649, char 14: Don&apos;t make functions within a loop.
9. line 662, char 37: Expected a &apos;break&apos; statement before &apos;default&apos;.
10. line 11, char 5: &apos;MixFilterClip&apos; is defined but never used.
11. line 13, char 5: &apos;TimestampList&apos; is defined but never used.
12. line 355, char 5: &apos;invalidRangeError&apos; is defined but never used.
13. line 240, char 49: &apos;index&apos; is defined but never used.
14. line 250, char 40: &apos;index&apos; is defined but never used.
15. line 525, char 61: &apos;index&apos; is defined but never used.
		</failure>
	</testcase>
	<testcase name="../lib/playlistGenerator/PlaylistGenerator.js">
		<failure message="7 JSHint Failures">
1. line 75, char 17: &apos;setPlayList&apos; was used before it was defined.
2. line 214, char 70: &apos;p2&apos; used out of scope.
3. line 234, char 21: &apos;persistPlayList&apos; was used before it was defined.
4. line 290, char 9: Expected &apos;{&apos; and instead saw &apos;return&apos;.
5. line 7, char 5: &apos;config&apos; is defined but never used.
6. line 210, char 21: &apos;p2&apos; is defined but never used.
7. line 349, char 58: &apos;arg&apos; is defined but never used.
		</failure>
	</testcase>
	<testcase name="../lib/playlistGenerator/PlaylistItem.js">
		<failure message="1 JSHINT Failure">
1. line 1, char 8: &apos;_&apos; is defined but never used.
		</failure>
	</testcase>
	<testcase name="../lib/playlistGenerator/Sequence.js">
		<failure message="9 JSHint Failures">
1. line 107, char 37: Expected &apos;!==&apos; and instead saw &apos;!=&apos;.
2. line 120, char 46: Expected &apos;===&apos; and instead saw &apos;==&apos;.
3. line 146, char 46: Expected a &apos;break&apos; statement before &apos;default&apos;.
4. line 262, char 55: Missing semicolon.
5. line 14, char 5: &apos;TimestampList&apos; is defined but never used.
6. line 16, char 5: &apos;ConcatSource&apos; is defined but never used.
7. line 141, char 49: &apos;arg&apos; is defined but never used.
8. line 176, char 49: &apos;to&apos; is defined but never used.
9. line 176, char 44: &apos;from&apos; is defined but never used.
		</failure>
	</testcase>
	<testcase name="../lib/playlistGenerator/TimestampList.js">
		<failure message="3 JSHint Failures">
1. line 295, char 21: Expected &apos;===&apos; and instead saw &apos;==&apos;.
2. line 333, char 21: Expected &apos;===&apos; and instead saw &apos;==&apos;.
3. line 363, char 9: &apos;gapindex&apos; is defined but never used.
		</failure>
	</testcase>
	<testcase name="../lib/playlistGenerator/ValueHolder.js">
		<failure message="2 JSHint Failures">
1. line 24, char 26: Expected &apos;!==&apos; and instead saw &apos;!=&apos;.
2. line 4, char 8: &apos;_&apos; is defined but never used.
		</failure>
	</testcase>
	<testcase name="../lib/playlistGenerator/playlistGen-utils.js">
		<failure message="4 JSHint Failures">
1. line 68, char 19: Expected &apos;===&apos; and instead saw &apos;==&apos;.
2. line 120, char 20: &apos;playlistConfig&apos; was used before it was defined.
3. line 4, char 5: &apos;fs&apos; is defined but never used.
4. line 6, char 5: &apos;Path&apos; is defined but never used.
		</failure>
	</testcase>
	<testcase name="../lib/utils/error-utils.js">
		<failure message="1 JSHINT Failure">
1. line 13, char 6: Missing semicolon.
		</failure>
	</testcase>
	<testcase name="../lib/utils/fs-utils.js">
		<failure message="6 JSHint Failures">
1. line 20, char 1: &apos;let&apos; is available in ES6 (use esnext option) or Mozilla JS extensions (use moz).
2. line 28, char 41: Missing semicolon.
3. line 52, char 20: Confusing use of &apos;!&apos;.
4. line 7, char 5: &apos;_&apos; is defined but never used.
5. line 12, char 5: &apos;fs&apos; is defined but never used.
6. line 13, char 5: &apos;errorUtils&apos; is defined but never used.
		</failure>
	</testcase>
	<testcase name="../lib/utils/fsm.js">
		<failure message="11 JSHint Failures">
1. line 42, char 54: Expected &apos;===&apos; and instead saw &apos;==&apos;.
2. line 67, char 17: Expected &apos;{&apos; and instead saw &apos;add&apos;.
3. line 71, char 21: Expected &apos;{&apos; and instead saw &apos;fsm&apos;.
4. line 74, char 26: &apos;name&apos; is already defined.
5. line 76, char 21: Expected &apos;{&apos; and instead saw &apos;fsm&apos;.
6. line 76, char 48: Missing semicolon.
7. line 81, char 172: Missing semicolon.
8. line 88, char 17: Expected &apos;{&apos; and instead saw &apos;fsm&apos;.
9. line 121, char 21: Expected &apos;{&apos; and instead saw &apos;return&apos;.
10. line 124, char 21: Expected &apos;{&apos; and instead saw &apos;return&apos;.
11. line 143, char 21: Expected &apos;{&apos; and instead saw &apos;return&apos;.
		</failure>
	</testcase>
	<testcase name="../lib/utils/http-utils.js">
		<failure message="3 JSHint Failures">
1. line 59, char 21: Expected &apos;{&apos; and instead saw &apos;throw&apos;.
2. line 137, char 2: Missing semicolon.
3. line 69, char 13: &apos;startTime&apos; is defined but never used.
		</failure>
	</testcase>
	<testcase name="../lib/utils/promise-utils.js">
		<failure message="2 JSHint Failures">
1. line 45, char 89: Missing semicolon.
2. line 52, char 6: Missing semicolon.
		</failure>
	</testcase>
	<testcase name="../tests/playlist.js">
		<failure message="9 JSHint Failures">
1. line 983, char 11: Missing semicolon.
2. line 1048, char 9: Bad line breaking before &apos;+&apos;.
3. line 1097, char 9: Bad line breaking before &apos;-&apos;.
4. line 1317, char 32: Missing semicolon.
5. line 1341, char 32: Missing semicolon.
6. line 27, char 5: &apos;stdDevTest&apos; is defined but never used.
7. line 869, char 5: &apos;generateFileInfos&apos; is defined but never used.
8. line 1126, char 5: &apos;available_tests&apos; is defined but never used.
9. line 1173, char 9: &apos;packagers&apos; is defined but never used.
		</failure>
	</testcase>
	<testcase name="../tests/unit/PlaylistGenerator-spec.js">
		<failure message="8 JSHint Failures">
1. line 105, char 34: Expected an assignment or function call and instead saw an expression.
2. line 321, char 72: Expected an assignment or function call and instead saw an expression.
3. line 322, char 70: Expected an assignment or function call and instead saw an expression.
4. line 399, char 39: Expected an assignment or function call and instead saw an expression.
5. line 5, char 5: &apos;proxyquire&apos; is defined but never used.
6. line 8, char 5: &apos;sinon&apos; is defined but never used.
7. line 27, char 9: &apos;fileInfos&apos; is defined but never used.
8. line 351, char 17: &apos;after_flv12&apos; is defined but never used.
		</failure>
	</testcase>
</testsuite>
